#
# A fatal error has been detected by the Java Runtime Environment:
#
#  Internal Error (javaClasses.cpp:129), pid=7260, tid=4324
#  fatal error: Invalid layout of preloaded class
#
# JRE version: 7.0_06-b24
# Java VM: Java HotSpot(TM) 64-Bit Server VM (23.2-b09 mixed mode windows-amd64 compressed oops)
# Failed to write core dump. Minidumps are not enabled by default on client versions of Windows
#
# If you would like to submit a bug report, please visit:
#   http://bugreport.sun.com/bugreport/crash.jsp
#

---------------  T H R E A D  ---------------

Current thread (0x000000000251e000):  JavaThread "Unknown thread" [_thread_in_vm, id=4324, stack(0x0000000002630000,0x0000000002730000)]

Stack: [0x0000000002630000,0x0000000002730000]

---------------  P R O C E S S  ---------------

Java Threads: ( => current thread )

Other Threads:

=>0x000000000251e000 (exited) JavaThread "Unknown thread" [_thread_in_vm, id=4324, stack(0x0000000002630000,0x0000000002730000)]

VM state:not at safepoint (not fully initialized)

VM Mutex/Monitor currently owned by a thread: None

GC Heap History (0 events):
No events

Deoptimization events (0 events):
No events

Internal exceptions (0 events):
No events

Events (10 events):
Event: 0.011 loading class 0x00000000023c01c0 done
Event: 0.011 loading class 0x0000000002382550 done
Event: 0.011 loading class 0x0000000002382520
Event: 0.011 loading class 0x00000000023c9ee0
Event: 0.011 loading class 0x00000000023c9ee0 done
Event: 0.011 loading class 0x00000000023c9f20
Event: 0.011 loading class 0x00000000023c9f20 done
Event: 0.011 loading class 0x0000000009f4c8e0
Event: 0.011 loading class 0x0000000009f4c8e0 done
Event: 0.011 loading class 0x0000000002382520 done


Dynamic libraries:
0x000000013f330000 - 0x000000013f364000 	C:\Program Files\Java\jdk1.7.0_06\bin\javaw.exe
0x0000000077930000 - 0x0000000077ad9000 	C:\windows\SYSTEM32\ntdll.dll
0x0000000077810000 - 0x000000007792f000 	C:\windows\system32\kernel32.dll
0x000007fefd900000 - 0x000007fefd96b000 	C:\windows\system32\KERNELBASE.dll
0x000007fefdc60000 - 0x000007fefdd3b000 	C:\windows\system32\ADVAPI32.dll
0x000007fefde70000 - 0x000007fefdf0f000 	C:\windows\system32\msvcrt.dll
0x000007feffa30000 - 0x000007feffa4f000 	C:\windows\SYSTEM32\sechost.dll
0x000007fefdd40000 - 0x000007fefde6d000 	C:\windows\system32\RPCRT4.dll
0x0000000077710000 - 0x000000007780a000 	C:\windows\system32\USER32.dll
0x000007feffaf0000 - 0x000007feffb57000 	C:\windows\system32\GDI32.dll
0x000007feff2d0000 - 0x000007feff2de000 	C:\windows\system32\LPK.dll
0x000007fefdb70000 - 0x000007fefdc39000 	C:\windows\system32\USP10.dll
0x000007fefbd30000 - 0x000007fefbf24000 	C:\windows\WinSxS\amd64_microsoft.windows.common-controls_6595b64144ccf1df_6.0.7601.17514_none_fa396087175ac9ac\COMCTL32.dll
0x000007feff780000 - 0x000007feff7f1000 	C:\windows\system32\SHLWAPI.dll
0x000007fefdb40000 - 0x000007fefdb6e000 	C:\windows\system32\IMM32.DLL
0x000007fefe200000 - 0x000007fefe309000 	C:\windows\system32\MSCTF.dll
0x000007fefd6d0000 - 0x000007fefd70c000 	C:\windows\system32\nvinitx.dll
0x00000000623e0000 - 0x00000000624b1000 	C:\Program Files\Java\jdk1.7.0_06\jre\bin\msvcr100.dll
0x0000000063b80000 - 0x000000006429f000 	C:\Program Files\Java\jdk1.7.0_06\jre\bin\server\jvm.dll
0x000007fef49b0000 - 0x000007fef49b9000 	C:\windows\system32\WSOCK32.dll
0x000007fefe310000 - 0x000007fefe35d000 	C:\windows\system32\WS2_32.dll
0x000007feff2e0000 - 0x000007feff2e8000 	C:\windows\system32\NSI.dll
0x000007fefb150000 - 0x000007fefb18b000 	C:\windows\system32\WINMM.dll
0x0000000077af0000 - 0x0000000077af7000 	C:\windows\system32\PSAPI.DLL
0x0000000072380000 - 0x000000007238f000 	C:\Program Files\Java\jdk1.7.0_06\jre\bin\verify.dll
0x0000000069730000 - 0x0000000069758000 	C:\Program Files\Java\jdk1.7.0_06\jre\bin\java.dll
0x000000006e2a0000 - 0x000000006e2b5000 	C:\Program Files\Java\jdk1.7.0_06\jre\bin\zip.dll

VM Arguments:
jvm_args: -Dfile.encoding=Cp1252 -Xbootclasspath:C:\Users\BAMAKO\android-sdks\platforms\android-17\android.jar 
java_command: com.mac.android.goalmania.test
Launcher Type: SUN_STANDARD

Environment Variables:
JAVA_HOME=C:\Program Files\Java\jdk1.7.0_06
CLASSPATH=D:\jacorb-3.2\lib;D:\jacorb-3.2\classes;D:\jacorb-3.2\lib\jacorb.jar;
PATH=C:/Program Files/Java/jdk1.7.0_06/bin/../jre/bin/server;C:/Program Files/Java/jdk1.7.0_06/bin/../jre/bin;C:/Program Files/Java/jdk1.7.0_06/bin/../jre/lib/amd64;C:\windows\system32;D:\Program Files (x86)\Git\bin;C:\windows;C:\windows\System32\Wbem;C:\windows\System32\WindowsPowerShell\v1.0\;D:\jacorb-3.2\bin;D:\jacorb-3.2\classes;D:\jacorb-3.2\lib;C:\Program Files\Java\jdk1.7.0_06/bin;D:\apache-ant-1.8.4\bin;D:\OpenCCM-0.9.0-JacORB-2.2;D:\OpenCCM-0.9.0-JacORB-2.2\bin;C:\Program Files\Java\jdk1.7.0_06\bin;C:\Windows\System32\;C:\Program Files\apache-maven-3.0.4\bin;D:\Program Files (x86)\Git\cmd;D:\Program Files (x86)\Git\bin;C:\ffmpeg\bin;C:\Program Files (x86)\Liquid Technologies\Liquid XML 2013\XmlDataBinder11\Redist11\cpp\win32\bin;D:\Program Files\TortoiseGit\bin;C:\Program Files\Microsoft\Web Platform Installer\;C:\Program Files\eclipseIndigo;
USERNAME=BAMAKO
OS=Windows_NT
PROCESSOR_IDENTIFIER=Intel64 Family 6 Model 42 Stepping 7, GenuineIntel



---------------  S Y S T E M  ---------------

OS: Windows 7 , 64 bit Build 7601 Service Pack 1

CPU:total 4 (2 cores per cpu, 2 threads per core) family 6 model 42 stepping 7, cmov, cx8, fxsr, mmx, sse, sse2, sse3, ssse3, sse4.1, sse4.2, popcnt, avx, ht, tsc, tscinvbit

Memory: 4k page, physical 6202928k(3500456k free), swap 12403996k(8115628k free)

vm_info: Java HotSpot(TM) 64-Bit Server VM (23.2-b09) for windows-amd64 JRE (1.7.0_06-b24), built on Aug  9 2012 20:44:07 by "java_re" with unknown MS VC++:1600

time: Mon Jun 24 13:55:19 2013
elapsed time: 0 seconds

